<?xml version="1.0" encoding="UTF-8"?>
<!-- Generated by org.testng.reporters.JUnitReportReporter -->
<testsuite skipped="0" hostname="DESKTOP-4P6AJPB" name="testCases.ReadAllProducts" tests="1" failures="0" timestamp="07 Mar 2022 22:06:15 GMT" time="1.737" errors="0">
  <testcase name="Readallaproduct" time="1.737" classname="testCases.ReadAllProducts"/>
</testsuite> <!-- testCases.ReadAllProducts -->
