<?xml version="1.0" encoding="UTF-8"?>
<!-- Generated by org.testng.reporters.JUnitReportReporter -->
<testsuite skipped="0" hostname="DESKTOP-4P6AJPB" name="testCases.Createaproduct" tests="1" failures="0" timestamp="07 Mar 2022 22:05:53 GMT" time="2.185" errors="0">
  <testcase name="Createoneproduct" time="2.185" classname="testCases.Createaproduct"/>
</testsuite> <!-- testCases.Createaproduct -->
