<?xml version="1.0" encoding="UTF-8"?>
<!-- Generated by org.testng.reporters.JUnitReportReporter -->
<testsuite skipped="0" hostname="DESKTOP-4P6AJPB" name="testCases.Updateaproduct" tests="1" failures="0" timestamp="09 Mar 2022 23:09:03 GMT" time="2.611" errors="0">
  <testcase name="updateoneproduct" time="2.611" classname="testCases.Updateaproduct"/>
</testsuite> <!-- testCases.Updateaproduct -->
